# JRE version: OpenJDK Runtime Environment (8.0_212-b04) (build 1.8.0_212-release-1586-b04)
# Java VM: OpenJDK 64-Bit Server VM (25.212-b04 mixed mode windows-amd64 compressed oops)
Heap:
 PSYoungGen      total 478720K, used 339421K [0x00000000e0000000, 0x0000000100000000, 0x0000000100000000)
  eden space 449536K, 69% used [0x00000000e0000000,0x00000000f2ef9a80,0x00000000fb700000)
  from space 29184K, 99% used [0x00000000fe380000,0x00000000ffffda20,0x0000000100000000)
  to   space 37376K, 0% used [0x00000000fb700000,0x00000000fb700000,0x00000000fdb80000)
 ParOldGen       total 116224K, used 51373K [0x00000000a0000000, 0x00000000a7180000, 0x00000000e0000000)
  object space 116224K, 44% used [0x00000000a0000000,0x00000000a322b6b0,0x00000000a7180000)
 Metaspace       used 82277K, capacity 86942K, committed 87296K, reserved 1124352K
  class space    used 11506K, capacity 12679K, committed 12800K, reserved 1048576K
GC Heap History (10 events):
Event: 31.689 GC heap before
{Heap before GC invocations=9 (full 2):
 PSYoungGen      total 272896K, used 12273K [0x00000000e0000000, 0x00000000fbf80000, 0x0000000100000000)
  eden space 257024K, 0% used [0x00000000e0000000,0x00000000e0000000,0x00000000efb00000)
  from space 15872K, 77% used [0x00000000efb00000,0x00000000f06fc6e0,0x00000000f0a80000)
  to   space 16896K, 0% used [0x00000000faf00000,0x00000000faf00000,0x00000000fbf80000)
 ParOldGen       total 53760K, used 7795K [0x00000000a0000000, 0x00000000a3480000, 0x00000000e0000000)
  object space 53760K, 14% used [0x00000000a0000000,0x00000000a079ccf0,0x00000000a3480000)
 Metaspace       used 34523K, capacity 35410K, committed 35456K, reserved 1079296K
  class space    used 4731K, capacity 4980K, committed 4992K, reserved 1048576K
Event: 31.771 GC heap after
Heap after GC invocations=9 (full 2):
 PSYoungGen      total 272896K, used 0K [0x00000000e0000000, 0x00000000fbf80000, 0x0000000100000000)
  eden space 257024K, 0% used [0x00000000e0000000,0x00000000e0000000,0x00000000efb00000)
  from space 15872K, 0% used [0x00000000efb00000,0x00000000efb00000,0x00000000f0a80000)
  to   space 16896K, 0% used [0x00000000faf00000,0x00000000faf00000,0x00000000fbf80000)
 ParOldGen       total 75776K, used 19239K [0x00000000a0000000, 0x00000000a4a00000, 0x00000000e0000000)
  object space 75776K, 25% used [0x00000000a0000000,0x00000000a12c9de0,0x00000000a4a00000)
 Metaspace       used 34498K, capacity 35326K, committed 35456K, reserved 1079296K
  class space    used 4723K, capacity 4966K, committed 4992K, reserved 1048576K
}
Event: 41.214 GC heap before
{Heap before GC invocations=10 (full 2):
 PSYoungGen      total 272896K, used 257024K [0x00000000e0000000, 0x00000000fbf80000, 0x0000000100000000)
  eden space 257024K, 100% used [0x00000000e0000000,0x00000000efb00000,0x00000000efb00000)
  from space 15872K, 0% used [0x00000000efb00000,0x00000000efb00000,0x00000000f0a80000)
  to   space 16896K, 0% used [0x00000000faf00000,0x00000000faf00000,0x00000000fbf80000)
 ParOldGen       total 75776K, used 19239K [0x00000000a0000000, 0x00000000a4a00000, 0x00000000e0000000)
  object space 75776K, 25% used [0x00000000a0000000,0x00000000a12c9de0,0x00000000a4a00000)
 Metaspace       used 53022K, capacity 54706K, committed 54784K, reserved 1095680K
  class space    used 7186K, capacity 7649K, committed 7680K, reserved 1048576K
Event: 41.236 GC heap after
Heap after GC invocations=10 (full 2):
 PSYoungGen      total 432640K, used 16876K [0x00000000e0000000, 0x00000000fd400000, 0x0000000100000000)
  eden space 415744K, 0% used [0x00000000e0000000,0x00000000e0000000,0x00000000f9600000)
  from space 16896K, 99% used [0x00000000faf00000,0x00000000fbf7b330,0x00000000fbf80000)
  to   space 25600K, 0% used [0x00000000f9600000,0x00000000f9600000,0x00000000faf00000)
 ParOldGen       total 75776K, used 33023K [0x00000000a0000000, 0x00000000a4a00000, 0x00000000e0000000)
  object space 75776K, 43% used [0x00000000a0000000,0x00000000a203fea8,0x00000000a4a00000)
 Metaspace       used 53022K, capacity 54706K, committed 54784K, reserved 1095680K
  class space    used 7186K, capacity 7649K, committed 7680K, reserved 1048576K
}
Event: 42.397 GC heap before
{Heap before GC invocations=11 (full 2):
 PSYoungGen      total 432640K, used 97251K [0x00000000e0000000, 0x00000000fd400000, 0x0000000100000000)
  eden space 415744K, 19% used [0x00000000e0000000,0x00000000e4e7dae0,0x00000000f9600000)
  from space 16896K, 99% used [0x00000000faf00000,0x00000000fbf7b330,0x00000000fbf80000)
  to   space 25600K, 0% used [0x00000000f9600000,0x00000000f9600000,0x00000000faf00000)
 ParOldGen       total 75776K, used 33023K [0x00000000a0000000, 0x00000000a4a00000, 0x00000000e0000000)
  object space 75776K, 43% used [0x00000000a0000000,0x00000000a203fea8,0x00000000a4a00000)
 Metaspace       used 57091K, capacity 59032K, committed 59096K, reserved 1099776K
  class space    used 7795K, capacity 8290K, committed 8320K, reserved 1048576K
Event: 42.415 GC heap after
Heap after GC invocations=11 (full 2):
 PSYoungGen      total 441344K, used 23882K [0x00000000e0000000, 0x0000000100000000, 0x0000000100000000)
  eden space 415744K, 0% used [0x00000000e0000000,0x00000000e0000000,0x00000000f9600000)
  from space 25600K, 93% used [0x00000000f9600000,0x00000000fad52a78,0x00000000faf00000)
  to   space 29184K, 0% used [0x00000000fe380000,0x00000000fe380000,0x0000000100000000)
 ParOldGen       total 75776K, used 33031K [0x00000000a0000000, 0x00000000a4a00000, 0x00000000e0000000)
  object space 75776K, 43% used [0x00000000a0000000,0x00000000a2041ea8,0x00000000a4a00000)
 Metaspace       used 57091K, capacity 59032K, committed 59096K, reserved 1099776K
  class space    used 7795K, capacity 8290K, committed 8320K, reserved 1048576K
}
Event: 42.415 GC heap before
{Heap before GC invocations=12 (full 3):
 PSYoungGen      total 441344K, used 23882K [0x00000000e0000000, 0x0000000100000000, 0x0000000100000000)
  eden space 415744K, 0% used [0x00000000e0000000,0x00000000e0000000,0x00000000f9600000)
  from space 25600K, 93% used [0x00000000f9600000,0x00000000fad52a78,0x00000000faf00000)
  to   space 29184K, 0% used [0x00000000fe380000,0x00000000fe380000,0x0000000100000000)
 ParOldGen       total 75776K, used 33031K [0x00000000a0000000, 0x00000000a4a00000, 0x00000000e0000000)
  object space 75776K, 43% used [0x00000000a0000000,0x00000000a2041ea8,0x00000000a4a00000)
 Metaspace       used 57091K, capacity 59032K, committed 59096K, reserved 1099776K
  class space    used 7795K, capacity 8290K, committed 8320K, reserved 1048576K
Event: 42.671 GC heap after
Heap after GC invocations=12 (full 3):
 PSYoungGen      total 441344K, used 0K [0x00000000e0000000, 0x0000000100000000, 0x0000000100000000)
  eden space 415744K, 0% used [0x00000000e0000000,0x00000000e0000000,0x00000000f9600000)
  from space 25600K, 0% used [0x00000000f9600000,0x00000000f9600000,0x00000000faf00000)
  to   space 29184K, 0% used [0x00000000fe380000,0x00000000fe380000,0x0000000100000000)
 ParOldGen       total 116224K, used 41180K [0x00000000a0000000, 0x00000000a7180000, 0x00000000e0000000)
  object space 116224K, 35% used [0x00000000a0000000,0x00000000a2837028,0x00000000a7180000)
 Metaspace       used 57091K, capacity 59032K, committed 59096K, reserved 1099776K
  class space    used 7795K, capacity 8290K, committed 8320K, reserved 1048576K
}
Event: 89.682 GC heap before
{Heap before GC invocations=13 (full 3):
 PSYoungGen      total 441344K, used 415744K [0x00000000e0000000, 0x0000000100000000, 0x0000000100000000)
  eden space 415744K, 100% used [0x00000000e0000000,0x00000000f9600000,0x00000000f9600000)
  from space 25600K, 0% used [0x00000000f9600000,0x00000000f9600000,0x00000000faf00000)
  to   space 29184K, 0% used [0x00000000fe380000,0x00000000fe380000,0x0000000100000000)
 ParOldGen       total 116224K, used 41180K [0x00000000a0000000, 0x00000000a7180000, 0x00000000e0000000)
  object space 116224K, 35% used [0x00000000a0000000,0x00000000a2837028,0x00000000a7180000)
 Metaspace       used 71956K, capacity 74496K, committed 74624K, reserved 1114112K
  class space    used 9750K, capacity 10346K, committed 10368K, reserved 1048576K
Event: 89.713 GC heap after
Heap after GC invocations=13 (full 3):
 PSYoungGen      total 478720K, used 29174K [0x00000000e0000000, 0x0000000100000000, 0x0000000100000000)
  eden space 449536K, 0% used [0x00000000e0000000,0x00000000e0000000,0x00000000fb700000)
  from space 29184K, 99% used [0x00000000fe380000,0x00000000ffffda20,0x0000000100000000)
  to   space 37376K, 0% used [0x00000000fb700000,0x00000000fb700000,0x00000000fdb80000)
 ParOldGen       total 116224K, used 51373K [0x00000000a0000000, 0x00000000a7180000, 0x00000000e0000000)
  object space 116224K, 44% used [0x00000000a0000000,0x00000000a322b6b0,0x00000000a7180000)
 Metaspace       used 71956K, capacity 74496K, committed 74624K, reserved 1114112K
  class space    used 9750K, capacity 10346K, committed 10368K, reserved 1048576K
}

