# JRE version: OpenJDK Runtime Environment (8.0_212-b04) (build 1.8.0_212-release-1586-b04)
# Java VM: OpenJDK 64-Bit Server VM (25.212-b04 mixed mode windows-amd64 compressed oops)
Heap:
 PSYoungGen      total 40960K, used 26774K [0x00000000e0000000, 0x00000000e5600000, 0x0000000100000000)
  eden space 30720K, 87% used [0x00000000e0000000,0x00000000e1a25a58,0x00000000e1e00000)
  from space 10240K, 0% used [0x00000000e2980000,0x00000000e2980000,0x00000000e3380000)
  to   space 11776K, 0% used [0x00000000e1e00000,0x00000000e1e00000,0x00000000e2980000)
 ParOldGen       total 56832K, used 10237K [0x00000000a0000000, 0x00000000a3780000, 0x00000000e0000000)
  object space 56832K, 18% used [0x00000000a0000000,0x00000000a09ff798,0x00000000a3780000)
 Metaspace       used 25632K, capacity 26124K, committed 26368K, reserved 1073152K
  class space    used 3429K, capacity 3559K, committed 3584K, reserved 1048576K
GC Heap History (10 events):
Event: 8.875 GC heap before
{Heap before GC invocations=3 (full 0):
 PSYoungGen      total 37888K, used 36365K [0x00000000e0000000, 0x00000000e4a00000, 0x0000000100000000)
  eden space 32768K, 100% used [0x00000000e0000000,0x00000000e2000000,0x00000000e2000000)
  from space 5120K, 70% used [0x00000000e2500000,0x00000000e28836e0,0x00000000e2a00000)
  to   space 5120K, 0% used [0x00000000e2000000,0x00000000e2000000,0x00000000e2500000)
 ParOldGen       total 86016K, used 16K [0x00000000a0000000, 0x00000000a5400000, 0x00000000e0000000)
  object space 86016K, 0% used [0x00000000a0000000,0x00000000a0004000,0x00000000a5400000)
 Metaspace       used 12086K, capacity 12466K, committed 12800K, reserved 1060864K
  class space    used 1596K, capacity 1713K, committed 1792K, reserved 1048576K
Event: 8.881 GC heap after
Heap after GC invocations=3 (full 0):
 PSYoungGen      total 37888K, used 5100K [0x00000000e0000000, 0x00000000e2a00000, 0x0000000100000000)
  eden space 32768K, 0% used [0x00000000e0000000,0x00000000e0000000,0x00000000e2000000)
  from space 5120K, 99% used [0x00000000e2000000,0x00000000e24fb0a0,0x00000000e2500000)
  to   space 5120K, 0% used [0x00000000e2500000,0x00000000e2500000,0x00000000e2a00000)
 ParOldGen       total 86016K, used 1440K [0x00000000a0000000, 0x00000000a5400000, 0x00000000e0000000)
  object space 86016K, 1% used [0x00000000a0000000,0x00000000a0168040,0x00000000a5400000)
 Metaspace       used 12086K, capacity 12466K, committed 12800K, reserved 1060864K
  class space    used 1596K, capacity 1713K, committed 1792K, reserved 1048576K
}
Event: 9.422 GC heap before
{Heap before GC invocations=4 (full 0):
 PSYoungGen      total 37888K, used 37868K [0x00000000e0000000, 0x00000000e2a00000, 0x0000000100000000)
  eden space 32768K, 100% used [0x00000000e0000000,0x00000000e2000000,0x00000000e2000000)
  from space 5120K, 99% used [0x00000000e2000000,0x00000000e24fb0a0,0x00000000e2500000)
  to   space 5120K, 0% used [0x00000000e2500000,0x00000000e2500000,0x00000000e2a00000)
 ParOldGen       total 86016K, used 1440K [0x00000000a0000000, 0x00000000a5400000, 0x00000000e0000000)
  object space 86016K, 1% used [0x00000000a0000000,0x00000000a0168040,0x00000000a5400000)
 Metaspace       used 14517K, capacity 14930K, committed 15232K, reserved 1062912K
  class space    used 2013K, capacity 2153K, committed 2176K, reserved 1048576K
Event: 9.429 GC heap after
Heap after GC invocations=4 (full 0):
 PSYoungGen      total 37888K, used 5096K [0x00000000e0000000, 0x00000000e2a00000, 0x0000000100000000)
  eden space 32768K, 0% used [0x00000000e0000000,0x00000000e0000000,0x00000000e2000000)
  from space 5120K, 99% used [0x00000000e2500000,0x00000000e29fa040,0x00000000e2a00000)
  to   space 5120K, 0% used [0x00000000e2000000,0x00000000e2000000,0x00000000e2500000)
 ParOldGen       total 86016K, used 4177K [0x00000000a0000000, 0x00000000a5400000, 0x00000000e0000000)
  object space 86016K, 4% used [0x00000000a0000000,0x00000000a0414670,0x00000000a5400000)
 Metaspace       used 14517K, capacity 14930K, committed 15232K, reserved 1062912K
  class space    used 2013K, capacity 2153K, committed 2176K, reserved 1048576K
}
Event: 10.235 GC heap before
{Heap before GC invocations=5 (full 0):
 PSYoungGen      total 37888K, used 37864K [0x00000000e0000000, 0x00000000e2a00000, 0x0000000100000000)
  eden space 32768K, 100% used [0x00000000e0000000,0x00000000e2000000,0x00000000e2000000)
  from space 5120K, 99% used [0x00000000e2500000,0x00000000e29fa040,0x00000000e2a00000)
  to   space 5120K, 0% used [0x00000000e2000000,0x00000000e2000000,0x00000000e2500000)
 ParOldGen       total 86016K, used 4177K [0x00000000a0000000, 0x00000000a5400000, 0x00000000e0000000)
  object space 86016K, 4% used [0x00000000a0000000,0x00000000a0414670,0x00000000a5400000)
 Metaspace       used 17236K, capacity 17726K, committed 18048K, reserved 1064960K
  class space    used 2466K, capacity 2621K, committed 2688K, reserved 1048576K
Event: 10.241 GC heap after
Heap after GC invocations=5 (full 0):
 PSYoungGen      total 37376K, used 5112K [0x00000000e0000000, 0x00000000e3380000, 0x0000000100000000)
  eden space 32256K, 0% used [0x00000000e0000000,0x00000000e0000000,0x00000000e1f80000)
  from space 5120K, 99% used [0x00000000e2000000,0x00000000e24fe030,0x00000000e2500000)
  to   space 10240K, 0% used [0x00000000e2980000,0x00000000e2980000,0x00000000e3380000)
 ParOldGen       total 86016K, used 7585K [0x00000000a0000000, 0x00000000a5400000, 0x00000000e0000000)
  object space 86016K, 8% used [0x00000000a0000000,0x00000000a0768410,0x00000000a5400000)
 Metaspace       used 17236K, capacity 17726K, committed 18048K, reserved 1064960K
  class space    used 2466K, capacity 2621K, committed 2688K, reserved 1048576K
}
Event: 10.812 GC heap before
{Heap before GC invocations=6 (full 0):
 PSYoungGen      total 37376K, used 35184K [0x00000000e0000000, 0x00000000e3380000, 0x0000000100000000)
  eden space 32256K, 93% used [0x00000000e0000000,0x00000000e1d5e0b0,0x00000000e1f80000)
  from space 5120K, 99% used [0x00000000e2000000,0x00000000e24fe030,0x00000000e2500000)
  to   space 10240K, 0% used [0x00000000e2980000,0x00000000e2980000,0x00000000e3380000)
 ParOldGen       total 86016K, used 7585K [0x00000000a0000000, 0x00000000a5400000, 0x00000000e0000000)
  object space 86016K, 8% used [0x00000000a0000000,0x00000000a0768410,0x00000000a5400000)
 Metaspace       used 20634K, capacity 21076K, committed 21296K, reserved 1067008K
  class space    used 2934K, capacity 3074K, committed 3200K, reserved 1048576K
Event: 10.821 GC heap after
Heap after GC invocations=6 (full 0):
 PSYoungGen      total 40960K, used 9431K [0x00000000e0000000, 0x00000000e5600000, 0x0000000100000000)
  eden space 30720K, 0% used [0x00000000e0000000,0x00000000e0000000,0x00000000e1e00000)
  from space 10240K, 92% used [0x00000000e2980000,0x00000000e32b5fc0,0x00000000e3380000)
  to   space 11776K, 0% used [0x00000000e1e00000,0x00000000e1e00000,0x00000000e2980000)
 ParOldGen       total 86016K, used 7593K [0x00000000a0000000, 0x00000000a5400000, 0x00000000e0000000)
  object space 86016K, 8% used [0x00000000a0000000,0x00000000a076a410,0x00000000a5400000)
 Metaspace       used 20634K, capacity 21076K, committed 21296K, reserved 1067008K
  class space    used 2934K, capacity 3074K, committed 3200K, reserved 1048576K
}
Event: 10.821 GC heap before
{Heap before GC invocations=7 (full 1):
 PSYoungGen      total 40960K, used 9431K [0x00000000e0000000, 0x00000000e5600000, 0x0000000100000000)
  eden space 30720K, 0% used [0x00000000e0000000,0x00000000e0000000,0x00000000e1e00000)
  from space 10240K, 92% used [0x00000000e2980000,0x00000000e32b5fc0,0x00000000e3380000)
  to   space 11776K, 0% used [0x00000000e1e00000,0x00000000e1e00000,0x00000000e2980000)
 ParOldGen       total 86016K, used 7593K [0x00000000a0000000, 0x00000000a5400000, 0x00000000e0000000)
  object space 86016K, 8% used [0x00000000a0000000,0x00000000a076a410,0x00000000a5400000)
 Metaspace       used 20634K, capacity 21076K, committed 21296K, reserved 1067008K
  class space    used 2934K, capacity 3074K, committed 3200K, reserved 1048576K
Event: 10.863 GC heap after
Heap after GC invocations=7 (full 1):
 PSYoungGen      total 40960K, used 0K [0x00000000e0000000, 0x00000000e5600000, 0x0000000100000000)
  eden space 30720K, 0% used [0x00000000e0000000,0x00000000e0000000,0x00000000e1e00000)
  from space 10240K, 0% used [0x00000000e2980000,0x00000000e2980000,0x00000000e3380000)
  to   space 11776K, 0% used [0x00000000e1e00000,0x00000000e1e00000,0x00000000e2980000)
 ParOldGen       total 56832K, used 10237K [0x00000000a0000000, 0x00000000a3780000, 0x00000000e0000000)
  object space 56832K, 18% used [0x00000000a0000000,0x00000000a09ff798,0x00000000a3780000)
 Metaspace       used 20634K, capacity 21076K, committed 21296K, reserved 1067008K
  class space    used 2934K, capacity 3074K, committed 3200K, reserved 1048576K
}

